==============================================================================
TestCases                                                                     
==============================================================================
TestCases.Graphs                                                              
==============================================================================
TestCases.Graphs.HistogramChart                                               
==============================================================================
Area chart with hover effect                                          150
? Datax: 0y: 3.5
? Datax: 2y: 3.2
? Datax: 3y: 3.1
? Datax: 4y: 3.6
? Datax: 5y: 3.9
? Datax: 6y: 3.4
? Datax: 7y: 3.4
? Datax: 8y: 2.9
? Datax: 9y: 3.1
? Datax: 10y: 3.7
? Datax: 11y: 3.4
? Datax: 12y: 3
? Datax: 13y: 3
? Datax: 14y: 4
? Datax: 15y: 4.4
? Datax: 16y: 3.9
? Datax: 17y: 3.5
? Datax: 18y: 3.8
? Datax: 19y: 3.8
? Datax: 20y: 3.4
? Datax: 21y: 3.7
? Datax: 22y: 3.6
? Datax: 23y: 3.3
? Datax: 24y: 3.4
? Datax: 25y: 3
? Datax: 26y: 3.4
? Datax: 27y: 3.5
? Datax: 28y: 3.4
? Datax: 29y: 3.2
? Datax: 30y: 3.1
? Datax: 31y: 3.4
? Datax: 32y: 4.1
? Datax: 33y: 4.2
? Datax: 34y: 3.1
? Datax: 35y: 3.2
? Datax: 36y: 3.5
? Datax: 37y: 3.6
? Datax: 38y: 3
? Datax: 39y: 3.4
? Datax: 40y: 3.5
? Datax: 41y: 2.3
? Datax: 42y: 3.2
? Datax: 43y: 3.5
? Datax: 44y: 3.8
? Datax: 45y: 3
? Datax: 46y: 3.8
? Datax: 47y: 3.2
? Datax: 48y: 3.7
? Datax: 49y: 3.3
? Datax: 50y: 3.2
? Datax: 51y: 3.2
? Datax: 52y: 3.1
? Datax: 53y: 2.3
? Datax: 54y: 2.8
? Datax: 55y: 2.8
? Datax: 56y: 3.3
? Datax: 57y: 2.4
? Datax: 58y: 2.9
? Datax: 59y: 2.7
? Datax: 60y: 2
? Datax: 61y: 3
? Datax: 62y: 2.2
? Datax: 63y: 2.9
? Datax: 64y: 2.9
? Datax: 65y: 3.1
? Datax: 66y: 3
