==============================================================================
TestCases                                                                     
==============================================================================
TestCases.Graphs                                                              
==============================================================================
TestCases.Graphs.Dependencywheel                                              
==============================================================================
Area chart with hover effect                                          63
  
  Traceback (most recent call last):
    ~~~~~~~~~~~~~~~~~~~~~~~~~~~~~~~~~~~~~~~~~~~~~~~~~~~~~~~~~~~~~~~~~~~~~~~~~~
    File  C:\Users\AnkitKumar\PycharmProjects\ProjectDemo\TestCases\Graphs\Dependencywheel.robot:15
    T:  Area chart with hover effect    
    ~~~~~~~~~~~~~~~~~~~~~~~~~~~~~~~~~~~~~~~~~~~~~~~~~~~~~~~~~~~~~~~~~~~~~~~~~~
    File  C:\Users\AnkitKumar\PycharmProjects\ProjectDemo\TestCases\Graphs\Dependencywheel.robot:38
      ${i} IN RANGE [ 1 | ${count} ]    
    ~~~~~~~~~~~~~~~~~~~~~~~~~~~~~~~~~~~~~~~~~~~~~~~~~~~~~~~~~~~~~~~~~~~~~~~~~~
    File  C:\Users\AnkitKumar\PycharmProjects\ProjectDemo\TestCases\Graphs\Dependencywheel.robot:38
      ${i} = 1    
    ~~~~~~~~~~~~~~~~~~~~~~~~~~~~~~~~~~~~~~~~~~~~~~~~~~~~~~~~~~~~~~~~~~~~~~~~~~
    File  C:\Users\AnkitKumar\PycharmProjects\ProjectDemo\TestCases\Graphs\Dependencywheel.robot:40
      Mouse Over    ${Locator} [${i}]
      |  ${Locator} [${i}] = ((//*[local-name()='svg']//*[local-name()='g' and @transform="translate(10,53) scale(1 1)"])//*[name()='path']) [1] (str)
______________________________________________________________________________
| FAIL |
WebDriverException: Message: unknown error: no element reference returned by script
  (Session info: chrome=105.0.5195.127)
Stacktrace:
Backtrace:
	Ordinal0 [0x00C6C0A3+2212003]
	Ordinal0 [0x00C02CC1+1780929]
	Ordinal0 [0x00B1465D+804445]
	Ordinal0 [0x00B48B7E+1018750]
	Ordinal0 [0x00B77038+1208376]
	Ordinal0 [0x00B5EC1C+1109020]
	Ordinal0 [0x00B6F5B2+1177010]
	Ordinal0 [0x00B5EA36+1108534]
	Ordinal0 [0x00B383C9+951241]
	Ordinal0 [0x00B39396+955286]
	GetHandleVerifier [0x00F19CE2+2746722]
	GetHandleVerifier [0x00F0A234+2682548]
	GetHandleVerifier [0x00CFB34A+524234]
	GetHandleVerifier [0x00CF9B60+518112]
	Ordinal0 [0x00C09FBC+1810364]
	Ordinal0 [0x00C0EA28+1829416]
	Ordinal0 [0x00C0EB15+1829653]
	Ordinal0 [0x00C18744+1869636]
	BaseThreadInitThunk [0x774AFA29+25]
	RtlGetAppContainerNamedObjectPath [0x777A7A9E+286]
	RtlGetAppContainerNamedObjectPath [0x777A7A6E+238]
------------------------------------------------------------------------------
TestCases.Graphs.Dependencywheel                                      | FAIL |
1 test, 0 passed, 1 failed
==============================================================================
TestCases.Graphs                                                      | FAIL |
1 test, 0 passed, 1 failed
==============================================================================
TestCases                                                             | FAIL |
1 test, 0 passed, 1 failed
==============================================================================
Output:  C:\Users\AnkitKumar\PycharmProjects\ProjectDemo\Results\pabot_results\1\output.xml
