==============================================================================
TestCases                                                                     
==============================================================================
TestCases.Graphs                                                              
==============================================================================
TestCases.Graphs.HistogramChart                                               
==============================================================================
Area chart with hover effect                                          150
? Datax: 0y: 3.5
? Datax: 2y: 3.2
? Datax: 3y: 3.1
? Datax: 4y: 3.6
? Datax: 5y: 3.9
? Datax: 6y: 3.4
? Datax: 7y: 3.4
? Datax: 8y: 2.9
? Datax: 9y: 3.1
? Datax: 10y: 3.7
? Datax: 11y: 3.4
? Datax: 12y: 3
? Datax: 13y: 3
? Datax: 14y: 4
? Datax: 15y: 4.4
? Datax: 16y: 3.9
? Datax: 17y: 3.5
? Datax: 18y: 3.8
? Datax: 19y: 3.8
? Datax: 20y: 3.4
? Datax: 21y: 3.7
? Datax: 22y: 3.6
? Datax: 23y: 3.3
? Datax: 24y: 3.4
? Datax: 25y: 3
? Datax: 26y: 3.4
? Datax: 27y: 3.5
? Datax: 28y: 3.4
? Datax: 29y: 3.2
? Datax: 30y: 3.1
? Datax: 31y: 3.4
? Datax: 32y: 4.1
? Datax: 33y: 4.2
? Datax: 34y: 3.1
? Datax: 35y: 3.2
? Datax: 36y: 3.5
? Datax: 37y: 3.6
? Datax: 38y: 3
? Datax: 39y: 3.4
? Datax: 40y: 3.5
? Datax: 41y: 2.3
? Datax: 42y: 3.2
? Datax: 43y: 3.5
? Datax: 44y: 3.8
? Datax: 45y: 3
? Datax: 46y: 3.8
? Datax: 47y: 3.2
? Datax: 48y: 3.7
? Datax: 49y: 3.3
? Datax: 50y: 3.2
? Datax: 51y: 3.2
? Datax: 52y: 3.1
? Datax: 53y: 2.3
? Datax: 54y: 2.8
? Datax: 55y: 2.8
? Datax: 56y: 3.3
? Datax: 57y: 2.4
? Datax: 58y: 2.9
? Datax: 59y: 2.7
? Datax: 60y: 2
? Datax: 61y: 3
? Datax: 62y: 2.2
? Datax: 63y: 2.9
? Datax: 64y: 2.9
? Datax: 65y: 3.1
? Datax: 66y: 3
? Datax: 67y: 2.7
? Datax: 68y: 2.2
? Datax: 69y: 2.5
? Datax: 70y: 3.2
? Datax: 71y: 2.8
? Datax: 72y: 2.5
? Datax: 73y: 2.8
? Datax: 74y: 2.9
? Datax: 75y: 3
? Datax: 76y: 2.8
? Datax: 77y: 3
? Datax: 78y: 2.9
? Datax: 79y: 2.6
? Datax: 80y: 2.4
? Datax: 81y: 2.4
? Datax: 82y: 2.7
? Datax: 83y: 2.7
? Datax: 84y: 3
? Datax: 85y: 3.4
? Datax: 86y: 3.1
? Datax: 87y: 2.3
? Datax: 88y: 3
? Datax: 89y: 2.5
? Datax: 90y: 2.6
? Datax: 91y: 3
? Datax: 92y: 2.6
? Datax: 93y: 2.3
? Datax: 94y: 2.7
? Datax: 95y: 3
? Datax: 96y: 2.9
? Datax: 97y: 2.9
? Datax: 98y: 2.5
? Datax: 99y: 2.8
? Datax: 100y: 3.3
? Datax: 101y: 2.7
? Datax: 102y: 3
? Datax: 103y: 2.9
? Datax: 104y: 3
? Datax: 105y: 3
? Datax: 106y: 2.5
? Datax: 107y: 2.9
? Datax: 108y: 2.5
? Datax: 109y: 3.6
? Datax: 110y: 3.2
? Datax: 111y: 2.7
? Datax: 112y: 3
? Datax: 113y: 2.5
? Datax: 114y: 2.8
? Datax: 115y: 3.2
? Datax: 116y: 3
? Datax: 117y: 3.8
? Datax: 118y: 2.6
? Datax: 119y: 2.2
? Datax: 120y: 3.2
? Datax: 121y: 2.8
? Datax: 122y: 2.8
? Datax: 123y: 2.7
? Datax: 124y: 3.3
? Datax: 125y: 3.2
? Datax: 126y: 2.8
? Datax: 127y: 3
? Datax: 128y: 2.8
? Datax: 129y: 3
? Datax: 130y: 2.8
? Datax: 131y: 3.8
? Datax: 132y: 2.8
? Datax: 133y: 2.8
? Datax: 134y: 2.6
? Datax: 135y: 3
? Datax: 136y: 3.4
? Datax: 137y: 3.1
? Datax: 138y: 3
? Datax: 139y: 3.1
? Datax: 140y: 3.1
? Datax: 141y: 3.1
? Datax: 142y: 2.7
? Datax: 143y: 3.2
? Datax: 144y: 3.3
? Datax: 145y: 3
? Datax: 146y: 2.5
? Datax: 147y: 3
? Datax: 148y: 3.4
? Datax: 149y: 3
